Start testing: Jun 15 21:57 CST
----------------------------------------------------------
1/3 Testing: TutorialComp25
1/3 Test: TutorialComp25
Command: "/Users/gzh/CLionProjects/Tutorial/Tutorial" "25"
Directory: /Users/gzh/CLionProjects/Tutorial
"TutorialComp25" start time: Jun 15 21:57 CST
Output:
----------------------------------------------------------
its my sqrt
The square root of 25 is 5
<end of output>
Test time =   0.01 sec
----------------------------------------------------------
Test Pass Reason:
Required regular expression found.Regex=[25 is 5
]
"TutorialComp25" end time: Jun 15 21:57 CST
"TutorialComp25" time elapsed: 00:00:00
----------------------------------------------------------

2/3 Testing: TutorialComp-25
2/3 Test: TutorialComp-25
Command: "/Users/gzh/CLionProjects/Tutorial/Tutorial" "-25"
Directory: /Users/gzh/CLionProjects/Tutorial
"TutorialComp-25" start time: Jun 15 21:57 CST
Output:
----------------------------------------------------------
its my sqrt
The square root of -25 is nan
<end of output>
Test time =   0.01 sec
----------------------------------------------------------
Test Fail Reason:
Required regular expression not found.Regex=[-25 is 0
]
"TutorialComp-25" end time: Jun 15 21:57 CST
"TutorialComp-25" time elapsed: 00:00:00
----------------------------------------------------------

3/3 Testing: TutorialComp0.0001
3/3 Test: TutorialComp0.0001
Command: "/Users/gzh/CLionProjects/Tutorial/Tutorial" "0.0001"
Directory: /Users/gzh/CLionProjects/Tutorial
"TutorialComp0.0001" start time: Jun 15 21:57 CST
Output:
----------------------------------------------------------
its my sqrt
The square root of 0.0001 is 0.01
<end of output>
Test time =   0.01 sec
----------------------------------------------------------
Test Pass Reason:
Required regular expression found.Regex=[0.0001 is 0.01
]
"TutorialComp0.0001" end time: Jun 15 21:57 CST
"TutorialComp0.0001" time elapsed: 00:00:00
----------------------------------------------------------

End testing: Jun 15 21:57 CST
